# JRE version: OpenJDK Runtime Environment Temurin-21.0.11+10 (21.0.11+10) (build 21.0.11+10-LTS)
# Java VM: OpenJDK 64-Bit Server VM Temurin-21.0.11+10 (21.0.11+10-LTS, mixed mode, sharing, tiered, compressed oops, compressed class ptrs, parallel gc, windows-amd64)
GC Precious Log:
 CardTable entry size: 512
 CPUs: 12 total, 12 available
 Memory: 16068M
 Large Page Support: Disabled
 NUMA Support: Disabled
 Compressed Oops: Enabled (32-bit)
 Alignments: Space 512K, Generation 512K, Heap 2M
 Heap Min Capacity: 100M
 Heap Initial Capacity: 100M
 Heap Max Capacity: 2G
 Pre-touch: Disabled
 Parallel Workers: 10
Heap:
 PSYoungGen      total 33792K, used 27525K [0x00000000d5580000, 0x00000000d7f80000, 0x0000000100000000)
  eden space 32768K, 82% used [0x00000000d5580000,0x00000000d6fe17d8,0x00000000d7580000)
  from space 1024K, 50% used [0x00000000d7700000,0x00000000d7780020,0x00000000d7800000)
  to   space 3072K, 0% used [0x00000000d7c80000,0x00000000d7c80000,0x00000000d7f80000)
 ParOldGen       total 893440K, used 385363K [0x0000000080000000, 0x00000000b6880000, 0x00000000d5580000)
  object space 893440K, 43% used [0x0000000080000000,0x0000000097854f80,0x00000000b6880000)
 Metaspace       used 78220K, committed 79680K, reserved 1179648K
  class space    used 7886K, committed 8576K, reserved 1048576K
GC Heap History (20 events):
Event: 247163.292 GC heap before
{Heap before GC invocations=1484 (full 4):
 PSYoungGen      total 38912K, used 37172K [0x00000000d5580000, 0x00000000d8580000, 0x0000000100000000)
  eden space 33280K, 100% used [0x00000000d5580000,0x00000000d7600000,0x00000000d7600000)
  from space 5632K, 69% used [0x00000000d7600000,0x00000000d79cd220,0x00000000d7b80000)
  to   space 4608K, 0% used [0x00000000d8100000,0x00000000d8100000,0x00000000d8580000)
 ParOldGen       total 893440K, used 361386K [0x0000000080000000, 0x00000000b6880000, 0x00000000d5580000)
  object space 893440K, 40% used [0x0000000080000000,0x00000000960ea9f8,0x00000000b6880000)
 Metaspace       used 77819K, committed 79296K, reserved 1179648K
  class space    used 7882K, committed 8576K, reserved 1048576K
}
Event: 247163.307 GC heap after
{Heap after GC invocations=1484 (full 4):
 PSYoungGen      total 44544K, used 4273K [0x00000000d5580000, 0x00000000d8580000, 0x0000000100000000)
  eden space 39936K, 0% used [0x00000000d5580000,0x00000000d5580000,0x00000000d7c80000)
  from space 4608K, 92% used [0x00000000d8100000,0x00000000d852c638,0x00000000d8580000)
  to   space 4608K, 0% used [0x00000000d7c80000,0x00000000d7c80000,0x00000000d8100000)
 ParOldGen       total 893440K, used 364901K [0x0000000080000000, 0x00000000b6880000, 0x00000000d5580000)
  object space 893440K, 40% used [0x0000000080000000,0x00000000964594d8,0x00000000b6880000)
 Metaspace       used 77819K, committed 79296K, reserved 1179648K
  class space    used 7882K, committed 8576K, reserved 1048576K
}
Event: 247163.846 GC heap before
{Heap before GC invocations=1485 (full 4):
 PSYoungGen      total 44544K, used 44209K [0x00000000d5580000, 0x00000000d8580000, 0x0000000100000000)
  eden space 39936K, 99% used [0x00000000d5580000,0x00000000d7c7ff98,0x00000000d7c80000)
  from space 4608K, 92% used [0x00000000d8100000,0x00000000d852c638,0x00000000d8580000)
  to   space 4608K, 0% used [0x00000000d7c80000,0x00000000d7c80000,0x00000000d8100000)
 ParOldGen       total 893440K, used 364901K [0x0000000080000000, 0x00000000b6880000, 0x00000000d5580000)
  object space 893440K, 40% used [0x0000000080000000,0x00000000964594d8,0x00000000b6880000)
 Metaspace       used 77852K, committed 79296K, reserved 1179648K
  class space    used 7882K, committed 8576K, reserved 1048576K
}
Event: 247163.882 GC heap after
{Heap after GC invocations=1485 (full 4):
 PSYoungGen      total 43520K, used 4329K [0x00000000d5580000, 0x00000000d8480000, 0x0000000100000000)
  eden space 38912K, 0% used [0x00000000d5580000,0x00000000d5580000,0x00000000d7b80000)
  from space 4608K, 93% used [0x00000000d7c80000,0x00000000d80ba4a0,0x00000000d8100000)
  to   space 3584K, 0% used [0x00000000d8100000,0x00000000d8100000,0x00000000d8480000)
 ParOldGen       total 893440K, used 368885K [0x0000000080000000, 0x00000000b6880000, 0x00000000d5580000)
  object space 893440K, 41% used [0x0000000080000000,0x000000009683d758,0x00000000b6880000)
 Metaspace       used 77852K, committed 79296K, reserved 1179648K
  class space    used 7882K, committed 8576K, reserved 1048576K
}
Event: 247164.103 GC heap before
{Heap before GC invocations=1486 (full 4):
 PSYoungGen      total 43520K, used 43241K [0x00000000d5580000, 0x00000000d8480000, 0x0000000100000000)
  eden space 38912K, 100% used [0x00000000d5580000,0x00000000d7b80000,0x00000000d7b80000)
  from space 4608K, 93% used [0x00000000d7c80000,0x00000000d80ba4a0,0x00000000d8100000)
  to   space 3584K, 0% used [0x00000000d8100000,0x00000000d8100000,0x00000000d8480000)
 ParOldGen       total 893440K, used 368885K [0x0000000080000000, 0x00000000b6880000, 0x00000000d5580000)
  object space 893440K, 41% used [0x0000000080000000,0x000000009683d758,0x00000000b6880000)
 Metaspace       used 77882K, committed 79360K, reserved 1179648K
  class space    used 7882K, committed 8576K, reserved 1048576K
}
Event: 247164.125 GC heap after
{Heap after GC invocations=1486 (full 4):
 PSYoungGen      total 39936K, used 1833K [0x00000000d5580000, 0x00000000d8300000, 0x0000000100000000)
  eden space 37888K, 0% used [0x00000000d5580000,0x00000000d5580000,0x00000000d7a80000)
  from space 2048K, 89% used [0x00000000d8100000,0x00000000d82ca4d0,0x00000000d8300000)
  to   space 3072K, 0% used [0x00000000d7d00000,0x00000000d7d00000,0x00000000d8000000)
 ParOldGen       total 893440K, used 373051K [0x0000000080000000, 0x00000000b6880000, 0x00000000d5580000)
  object space 893440K, 41% used [0x0000000080000000,0x0000000096c4ec08,0x00000000b6880000)
 Metaspace       used 77882K, committed 79360K, reserved 1179648K
  class space    used 7882K, committed 8576K, reserved 1048576K
}
Event: 247305.410 GC heap before
{Heap before GC invocations=1487 (full 4):
 PSYoungGen      total 39936K, used 39721K [0x00000000d5580000, 0x00000000d8300000, 0x0000000100000000)
  eden space 37888K, 99% used [0x00000000d5580000,0x00000000d7a7ffe8,0x00000000d7a80000)
  from space 2048K, 89% used [0x00000000d8100000,0x00000000d82ca4d0,0x00000000d8300000)
  to   space 3072K, 0% used [0x00000000d7d00000,0x00000000d7d00000,0x00000000d8000000)
 ParOldGen       total 893440K, used 373051K [0x0000000080000000, 0x00000000b6880000, 0x00000000d5580000)
  object space 893440K, 41% used [0x0000000080000000,0x0000000096c4ec08,0x00000000b6880000)
 Metaspace       used 77944K, committed 79424K, reserved 1179648K
  class space    used 7882K, committed 8576K, reserved 1048576K
}
Event: 247305.416 GC heap after
{Heap after GC invocations=1487 (full 4):
 PSYoungGen      total 38400K, used 1124K [0x00000000d5580000, 0x00000000d8180000, 0x0000000100000000)
  eden space 36864K, 0% used [0x00000000d5580000,0x00000000d5580000,0x00000000d7980000)
  from space 1536K, 73% used [0x00000000d7d00000,0x00000000d7e19210,0x00000000d7e80000)
  to   space 2048K, 0% used [0x00000000d7f80000,0x00000000d7f80000,0x00000000d8180000)
 ParOldGen       total 893440K, used 374065K [0x0000000080000000, 0x00000000b6880000, 0x00000000d5580000)
  object space 893440K, 41% used [0x0000000080000000,0x0000000096d4c5a8,0x00000000b6880000)
 Metaspace       used 77944K, committed 79424K, reserved 1179648K
  class space    used 7882K, committed 8576K, reserved 1048576K
}
Event: 247333.978 GC heap before
{Heap before GC invocations=1488 (full 4):
 PSYoungGen      total 38400K, used 37988K [0x00000000d5580000, 0x00000000d8180000, 0x0000000100000000)
  eden space 36864K, 100% used [0x00000000d5580000,0x00000000d7980000,0x00000000d7980000)
  from space 1536K, 73% used [0x00000000d7d00000,0x00000000d7e19210,0x00000000d7e80000)
  to   space 2048K, 0% used [0x00000000d7f80000,0x00000000d7f80000,0x00000000d8180000)
 ParOldGen       total 893440K, used 374065K [0x0000000080000000, 0x00000000b6880000, 0x00000000d5580000)
  object space 893440K, 41% used [0x0000000080000000,0x0000000096d4c5a8,0x00000000b6880000)
 Metaspace       used 78031K, committed 79488K, reserved 1179648K
  class space    used 7882K, committed 8576K, reserved 1048576K
}
Event: 247333.982 GC heap after
{Heap after GC invocations=1488 (full 4):
 PSYoungGen      total 37888K, used 2042K [0x00000000d5580000, 0x00000000d8180000, 0x0000000100000000)
  eden space 35840K, 0% used [0x00000000d5580000,0x00000000d5580000,0x00000000d7880000)
  from space 2048K, 99% used [0x00000000d7f80000,0x00000000d817e900,0x00000000d8180000)
  to   space 3072K, 0% used [0x00000000d7b80000,0x00000000d7b80000,0x00000000d7e80000)
 ParOldGen       total 893440K, used 374433K [0x0000000080000000, 0x00000000b6880000, 0x00000000d5580000)
  object space 893440K, 41% used [0x0000000080000000,0x0000000096da85a8,0x00000000b6880000)
 Metaspace       used 78031K, committed 79488K, reserved 1179648K
  class space    used 7882K, committed 8576K, reserved 1048576K
}
Event: 247334.205 GC heap before
{Heap before GC invocations=1489 (full 4):
 PSYoungGen      total 37888K, used 37882K [0x00000000d5580000, 0x00000000d8180000, 0x0000000100000000)
  eden space 35840K, 100% used [0x00000000d5580000,0x00000000d7880000,0x00000000d7880000)
  from space 2048K, 99% used [0x00000000d7f80000,0x00000000d817e900,0x00000000d8180000)
  to   space 3072K, 0% used [0x00000000d7b80000,0x00000000d7b80000,0x00000000d7e80000)
 ParOldGen       total 893440K, used 374433K [0x0000000080000000, 0x00000000b6880000, 0x00000000d5580000)
  object space 893440K, 41% used [0x0000000080000000,0x0000000096da85a8,0x00000000b6880000)
 Metaspace       used 78040K, committed 79488K, reserved 1179648K
  class space    used 7882K, committed 8576K, reserved 1048576K
}
Event: 247334.219 GC heap after
{Heap after GC invocations=1489 (full 4):
 PSYoungGen      total 37888K, used 3065K [0x00000000d5580000, 0x00000000d8580000, 0x0000000100000000)
  eden space 34816K, 0% used [0x00000000d5580000,0x00000000d5580000,0x00000000d7780000)
  from space 3072K, 99% used [0x00000000d7b80000,0x00000000d7e7e4b0,0x00000000d7e80000)
  to   space 7168K, 0% used [0x00000000d7e80000,0x00000000d7e80000,0x00000000d8580000)
 ParOldGen       total 893440K, used 377487K [0x0000000080000000, 0x00000000b6880000, 0x00000000d5580000)
  object space 893440K, 42% used [0x0000000080000000,0x00000000970a3c98,0x00000000b6880000)
 Metaspace       used 78040K, committed 79488K, reserved 1179648K
  class space    used 7882K, committed 8576K, reserved 1048576K
}
Event: 259300.741 GC heap before
{Heap before GC invocations=1490 (full 4):
 PSYoungGen      total 37888K, used 37881K [0x00000000d5580000, 0x00000000d8580000, 0x0000000100000000)
  eden space 34816K, 100% used [0x00000000d5580000,0x00000000d7780000,0x00000000d7780000)
  from space 3072K, 99% used [0x00000000d7b80000,0x00000000d7e7e4b0,0x00000000d7e80000)
  to   space 7168K, 0% used [0x00000000d7e80000,0x00000000d7e80000,0x00000000d8580000)
 ParOldGen       total 893440K, used 377487K [0x0000000080000000, 0x00000000b6880000, 0x00000000d5580000)
  object space 893440K, 42% used [0x0000000080000000,0x00000000970a3c98,0x00000000b6880000)
 Metaspace       used 78113K, committed 79616K, reserved 1179648K
  class space    used 7883K, committed 8576K, reserved 1048576K
}
Event: 259301.040 GC heap after
{Heap after GC invocations=1490 (full 4):
 PSYoungGen      total 35840K, used 1312K [0x00000000d5580000, 0x00000000d8000000, 0x0000000100000000)
  eden space 34304K, 0% used [0x00000000d5580000,0x00000000d5580000,0x00000000d7700000)
  from space 1536K, 85% used [0x00000000d7e80000,0x00000000d7fc8020,0x00000000d8000000)
  to   space 3072K, 0% used [0x00000000d7a00000,0x00000000d7a00000,0x00000000d7d00000)
 ParOldGen       total 893440K, used 380456K [0x0000000080000000, 0x00000000b6880000, 0x00000000d5580000)
  object space 893440K, 42% used [0x0000000080000000,0x000000009738a208,0x00000000b6880000)
 Metaspace       used 78113K, committed 79616K, reserved 1179648K
  class space    used 7883K, committed 8576K, reserved 1048576K
}
Event: 261320.318 GC heap before
{Heap before GC invocations=1491 (full 4):
 PSYoungGen      total 35840K, used 35616K [0x00000000d5580000, 0x00000000d8000000, 0x0000000100000000)
  eden space 34304K, 100% used [0x00000000d5580000,0x00000000d7700000,0x00000000d7700000)
  from space 1536K, 85% used [0x00000000d7e80000,0x00000000d7fc8020,0x00000000d8000000)
  to   space 3072K, 0% used [0x00000000d7a00000,0x00000000d7a00000,0x00000000d7d00000)
 ParOldGen       total 893440K, used 380456K [0x0000000080000000, 0x00000000b6880000, 0x00000000d5580000)
  object space 893440K, 42% used [0x0000000080000000,0x000000009738a208,0x00000000b6880000)
 Metaspace       used 78120K, committed 79616K, reserved 1179648K
  class space    used 7883K, committed 8576K, reserved 1048576K
}
Event: 261320.414 GC heap after
{Heap after GC invocations=1491 (full 4):
 PSYoungGen      total 36864K, used 3041K [0x00000000d5580000, 0x00000000d8780000, 0x0000000100000000)
  eden space 33792K, 0% used [0x00000000d5580000,0x00000000d5580000,0x00000000d7680000)
  from space 3072K, 99% used [0x00000000d7a00000,0x00000000d7cf8540,0x00000000d7d00000)
  to   space 8704K, 0% used [0x00000000d7f00000,0x00000000d7f00000,0x00000000d8780000)
 ParOldGen       total 893440K, used 384980K [0x0000000080000000, 0x00000000b6880000, 0x00000000d5580000)
  object space 893440K, 43% used [0x0000000080000000,0x00000000977f50c8,0x00000000b6880000)
 Metaspace       used 78120K, committed 79616K, reserved 1179648K
  class space    used 7883K, committed 8576K, reserved 1048576K
}
Event: 261353.392 GC heap before
{Heap before GC invocations=1492 (full 4):
 PSYoungGen      total 36864K, used 36833K [0x00000000d5580000, 0x00000000d8780000, 0x0000000100000000)
  eden space 33792K, 100% used [0x00000000d5580000,0x00000000d7680000,0x00000000d7680000)
  from space 3072K, 99% used [0x00000000d7a00000,0x00000000d7cf8540,0x00000000d7d00000)
  to   space 8704K, 0% used [0x00000000d7f00000,0x00000000d7f00000,0x00000000d8780000)
 ParOldGen       total 893440K, used 384980K [0x0000000080000000, 0x00000000b6880000, 0x00000000d5580000)
  object space 893440K, 43% used [0x0000000080000000,0x00000000977f50c8,0x00000000b6880000)
 Metaspace       used 78162K, committed 79616K, reserved 1179648K
  class space    used 7884K, committed 8576K, reserved 1048576K
}
Event: 261353.401 GC heap after
{Heap after GC invocations=1492 (full 4):
 PSYoungGen      total 40448K, used 7155K [0x00000000d5580000, 0x00000000d8600000, 0x0000000100000000)
  eden space 33280K, 0% used [0x00000000d5580000,0x00000000d5580000,0x00000000d7600000)
  from space 7168K, 99% used [0x00000000d7f00000,0x00000000d85fcce0,0x00000000d8600000)
  to   space 7680K, 0% used [0x00000000d7700000,0x00000000d7700000,0x00000000d7e80000)
 ParOldGen       total 893440K, used 385116K [0x0000000080000000, 0x00000000b6880000, 0x00000000d5580000)
  object space 893440K, 43% used [0x0000000080000000,0x00000000978170e8,0x00000000b6880000)
 Metaspace       used 78162K, committed 79616K, reserved 1179648K
  class space    used 7884K, committed 8576K, reserved 1048576K
}
Event: 261353.730 GC heap before
{Heap before GC invocations=1493 (full 4):
 PSYoungGen      total 40448K, used 40435K [0x00000000d5580000, 0x00000000d8600000, 0x0000000100000000)
  eden space 33280K, 100% used [0x00000000d5580000,0x00000000d7600000,0x00000000d7600000)
  from space 7168K, 99% used [0x00000000d7f00000,0x00000000d85fcce0,0x00000000d8600000)
  to   space 7680K, 0% used [0x00000000d7700000,0x00000000d7700000,0x00000000d7e80000)
 ParOldGen       total 893440K, used 385116K [0x0000000080000000, 0x00000000b6880000, 0x00000000d5580000)
  object space 893440K, 43% used [0x0000000080000000,0x00000000978170e8,0x00000000b6880000)
 Metaspace       used 78165K, committed 79616K, reserved 1179648K
  class space    used 7884K, committed 8576K, reserved 1048576K
}
Event: 261353.735 GC heap after
{Heap after GC invocations=1493 (full 4):
 PSYoungGen      total 33792K, used 512K [0x00000000d5580000, 0x00000000d7f80000, 0x0000000100000000)
  eden space 32768K, 0% used [0x00000000d5580000,0x00000000d5580000,0x00000000d7580000)
  from space 1024K, 50% used [0x00000000d7700000,0x00000000d7780020,0x00000000d7800000)
  to   space 3072K, 0% used [0x00000000d7c80000,0x00000000d7c80000,0x00000000d7f80000)
 ParOldGen       total 893440K, used 385363K [0x0000000080000000, 0x00000000b6880000, 0x00000000d5580000)
  object space 893440K, 43% used [0x0000000080000000,0x0000000097854f80,0x00000000b6880000)
 Metaspace       used 78165K, committed 79616K, reserved 1179648K
  class space    used 7884K, committed 8576K, reserved 1048576K
}

